\BOOKMARK [0][-]{chapter.1}{Algorithmique et programmation 1}{}% 1
\BOOKMARK [1][-]{section.1.1}{Introduction}{chapter.1}% 2
\BOOKMARK [2][-]{subsection.1.1.1}{D\351finition}{section.1.1}% 3
\BOOKMARK [2][-]{subsection.1.1.2}{Le code}{section.1.1}% 4
\BOOKMARK [2][-]{subsection.1.1.3}{Objectifs du chapitre}{section.1.1}% 5
\BOOKMARK [2][-]{subsection.1.1.4}{Ex\351cuter un code Python en Console}{section.1.1}% 6
\BOOKMARK [1][-]{section.1.2}{Variables et instructions \351l\351mentaires}{chapter.1}% 7
\BOOKMARK [2][-]{subsection.1.2.1}{Types de variables}{section.1.2}% 8
\BOOKMARK [2][-]{subsection.1.2.2}{Affectation}{section.1.2}% 9
\BOOKMARK [2][-]{subsection.1.2.3}{Op\351rations \351l\351mentaires}{section.1.2}% 10
\BOOKMARK [2][-]{subsection.1.2.4}{Instructions conditionnelles}{section.1.2}% 11
\BOOKMARK [2][-]{subsection.1.2.5}{Boucles}{section.1.2}% 12
\BOOKMARK [0][-]{chapter.2}{Algorithmique et programmation 2}{}% 13
\BOOKMARK [1][-]{section.2.3}{Les fonctions en Python}{chapter.2}% 14
\BOOKMARK [2][-]{subsection.2.3.1}{G\351n\351ralit\351s}{section.2.3}% 15
\BOOKMARK [2][-]{subsection.2.3.2}{Fonctions pr\351d\351finies}{section.2.3}% 16
\BOOKMARK [2][-]{subsection.2.3.3}{Fonctions al\351atoires}{section.2.3}% 17
\BOOKMARK [0][-]{chapter.3}{Une Introduction \340 la Programmation Orient\351e Objet : Les Classes et les Objets}{}% 18
\BOOKMARK [1][-]{section.3.1}{Concept : Programmation Orient\351e Objet}{chapter.3}% 19
\BOOKMARK [1][-]{section.3.2}{Cr\351ation d'une Classe}{chapter.3}% 20
\BOOKMARK [1][-]{section.3.3}{Attributs}{chapter.3}% 21
\BOOKMARK [1][-]{section.3.4}{Les M\351thodes}{chapter.3}% 22
